<?xml version="1.0" encoding="UTF-8"?>
<!-- Generated by org.testng.reporters.JUnitReportReporter -->
<testsuite hostname="DESKTOP-320Q1I8" name="bdd.runners.RunnerClass" tests="1" failures="0" timestamp="12 Jul 2020 16:59:57 GMT" time="9.942" errors="0">
  <testcase name="feature" time="9.942" classname="bdd.runners.RunnerClass"/>
</testsuite> <!-- bdd.runners.RunnerClass -->
